<?xml version="1.0" encoding="UTF-8" ?>
<testsuite tests="10" failures="0" name="Function_Test" time="0" errors="0" skipped="0">
  <properties>
[...]
</properties>
  <testcase classname="Function_Test" name="nNotNull" time="0"/>
  <testcase classname="Function_Test" name="xNotNull" time="0"/>
  <testcase classname="Function_Test" name="functionResult" time="0"/>
  <testcase classname="Function_Test" name="nCheck" time="0"/>
  <testcase classname="Function_Test" name="xCheck" time="0"/>
  <testcase classname="Function_Test" name="nLess" time="0"/>
  <testcase classname="Function_Test" name="nMore" time="0"/>
  <testcase classname="Function_Test" name="xLess" time="0"/>
  <testcase classname="Function_Test" name="xMore" time="0"/>
  <testcase classname="Function_Test" name="functionCheckWrongResult" time="0"/>
</testsuite>